1717292146653:responseRequest
1717292152438:requestResponse
1717292181946:-help
1717292191348:help
1717292227221:request-response
1717292864248:help
1717292875634:request-response
1717292923881:help
1717292937775:request-response
1717294076525:help
1717294088810:request-response
1717294140169:help
1717294169596:request-response
1717294975970:help
1717294983217:request-response
1717321871893:help
1717321892796:request-response
1717322851768:help
1717322856694:request-response
1717322870340:fire-and-forget
1717322880307:stream
1717322894415:sstop
1717322896508:stop
1717322919937:channel
1717322927815:stop
